mktextfm SimSun/OT
mktextfm SimSun/OT
mktextfm SimSun/OT
mktextfm SimSun/BI/OT
mktextfm SimSun/OT
mktextfm SimSun/B/OT
mktextfm SimSun/OT
mktextfm SimSun/I/OT
mktextfm SimSun/OT
mktextfm SimSun/OT
mktextfm SimSun/OT
mktextfm SimSun/OT
mktextfm SimSun/OT
mktextfm SimSun/OT
mktextfm SimSun/OT
mktextfm SimSun/OT
mktextfm SimSun/OT
mktextfm SimSun/BI/OT
mktextfm SimSun/OT
mktextfm SimSun/B/OT
mktextfm SimSun/OT
mktextfm SimSun/I/OT
mktextfm SimSun/OT
mktextfm SimSun/OT
mktextfm SimSun/OT
mktextfm Amiri/OT
mktextfm Amiri/OT
mktextfm Amiri/OT
mktextfm Amiri/BI/OT
mktextfm Amiri/OT
mktextfm Amiri/B/OT
mktextfm Amiri/OT
mktextfm Amiri/I/OT
mktextfm Amiri/OT
mktextfm Amiri/OT
mktextfm Amiri/OT
mktextfm Amiri/OT
mktextfm Amiri/OT
mktextfm Amiri/OT
mktextfm Amiri/BI/OT
mktextfm Amiri/OT
mktextfm Amiri/B/OT
mktextfm Amiri/OT
mktextfm Amiri/I/OT
mktextfm Amiri/OT
mktextfm Amiri/OT
mktextfm Amiri/OT
mktextfm Arial/OT
mktextfm Arial/OT
mktextfm Arial/OT
mktextfm Arial/BI/OT
mktextfm Arial/OT
mktextfm Arial/B/OT
mktextfm Arial/OT
mktextfm Arial/I/OT
mktextfm Arial/OT
mktextfm Arial/OT
mktextfm Arial/OT
mktextfm Arial/OT
mktextfm Amiri/OT
mktextfm Amiri/OT
mktextfm Amiri/OT
mktextfm Amiri/BI/OT
mktextfm Amiri/OT
mktextfm Amiri/B/OT
mktextfm Amiri/OT
mktextfm Amiri/I/OT
mktextfm Amiri/OT
mktextfm Amiri/OT
mktextfm Amiri/OT
mktextfm Amiri/OT
mktextfm Arial/OT
mktextfm Arial/OT
mktextfm Arial/OT
mktextfm Arial/BI/OT
mktextfm Arial/OT
mktextfm Arial/B/OT
mktextfm Arial/OT
mktextfm Arial/I/OT
mktextfm Arial/OT
mktextfm Arial/OT
mktextfm Arial/OT
mktextfm Arial/OT
mktextfm Arial/OT
mktextfm Arial/OT
mktextfm Arial/OT
mktextfm Arial/BI/OT
mktextfm Arial/OT
mktextfm Arial/B/OT
mktextfm Arial/OT
mktextfm Arial/I/OT
mktextfm Arial/OT
mktextfm Arial/OT
mktextfm Arial/OT
mktextfm Arial/OT
mktextfm Arial/OT
mktextfm Arial/OT
mktextfm Arial/OT
mktextfm Arial/BI/OT
mktextfm Arial/OT
mktextfm Arial/B/OT
mktextfm Arial/OT
mktextfm Arial/I/OT
mktextfm Arial/OT
mktextfm Arial/OT
mktextfm Arial/OT
mktextfm Arial/OT
mktextfm Arial/OT
mktextfm Arial/OT
mktextfm Arial/OT
mktextfm Arial/BI/OT
mktextfm Arial/OT
mktextfm Arial/B/OT
mktextfm Arial/OT
mktextfm Arial/I/OT
mktextfm Arial/OT
mktextfm Arial/OT
mktextfm Arial/OT
mktextfm Arial/OT
mktextfm Arial/OT
mktextfm Arial/OT
mktextfm Arial/OT
mktextfm Arial/BI/OT
mktextfm Arial/OT
mktextfm Arial/B/OT
mktextfm Arial/OT
mktextfm Arial/I/OT
mktextfm Arial/OT
mktextfm Arial/OT
mktextfm Arial/OT
mktextfm Arial/OT
mktextfm Amiri/OT
mktextfm Amiri/OT
mktextfm Amiri/OT
mktextfm Amiri/BI/OT
mktextfm Amiri/OT
mktextfm Amiri/B/OT
mktextfm Amiri/OT
mktextfm Amiri/I/OT
mktextfm Amiri/OT
mktextfm Amiri/OT
mktextfm Amiri/OT
mktextfm Amiri/OT
mktextfm Jomhuria/OT
mktextfm Jomhuria/OT
mktextfm Jomhuria/OT
mktextfm Jomhuria/BI/OT
mktextfm Jomhuria/OT
mktextfm Jomhuria/B/OT
mktextfm Jomhuria/OT
mktextfm Jomhuria/I/OT
mktextfm Jomhuria/OT
mktextfm Jomhuria/OT
mktextfm Jomhuria/OT
mktextfm Jomhuria/OT
mktextfm freefont/OT
mktextfm freefont/OT
mktextfm freefont/OT
mktextfm freefont/BI/OT
mktextfm freefont/OT
mktextfm freefont/B/OT
mktextfm freefont/OT
mktextfm freefont/I/OT
mktextfm freefont/OT
mktextfm freefont/OT
mktextfm freefont/OT
mktextfm freefont/OT
mktextfm dejavu/OT
mktextfm dejavu/OT
mktextfm dejavu/OT
mktextfm dejavu/BI/OT
mktextfm dejavu/OT
mktextfm dejavu/B/OT
mktextfm dejavu/OT
mktextfm dejavu/I/OT
mktextfm dejavu/OT
mktextfm dejavu/OT
mktextfm dejavu/OT
mktextfm dejavu/OT
mktextfm farsiweb/OT
mktextfm farsiweb/OT
mktextfm farsiweb/OT
mktextfm farsiweb/BI/OT
mktextfm farsiweb/OT
mktextfm farsiweb/B/OT
mktextfm farsiweb/OT
mktextfm farsiweb/I/OT
mktextfm farsiweb/OT
mktextfm farsiweb/OT
mktextfm farsiweb/OT
mktextfm farsiweb/OT
